2014/04/08 16:01:08 [error] [system.db.CDbCommand] CDbCommand::fetchAll() failed: SQLSTATE[3D000]: Invalid catalog name: 1046 No database selected. The SQL statement executed was: SHOW FULL COLUMNS FROM `tbl_migration`.
2014/04/08 16:01:08 [error] [system.db.CDbCommand] CDbCommand::execute() failed: SQLSTATE[3D000]: Invalid catalog name: 1046 No database selected. The SQL statement executed was: CREATE TABLE `tbl_migration` (
	`version` varchar(255) NOT NULL PRIMARY KEY,
	`apply_time` int(11)
).
2014/04/08 16:01:08 [error] [exception.CDbException] exception 'CDbException' with message 'CDbCommand failed to execute the SQL statement: SQLSTATE[3D000]: Invalid catalog name: 1046 No database selected. The SQL statement executed was: CREATE TABLE `tbl_migration` (
	`version` varchar(255) NOT NULL PRIMARY KEY,
	`apply_time` int(11)
)' in C:\denwer\home\olmii.in.ua\www\framework\db\CDbCommand.php:358
Stack trace:
#0 C:\denwer\home\olmii.in.ua\www\framework\db\CDbCommand.php(1324): CDbCommand->execute()
#1 C:\denwer\home\olmii.in.ua\www\framework\cli\commands\MigrateCommand.php(471): CDbCommand->createTable('tbl_migration', Array)
#2 C:\denwer\home\olmii.in.ua\www\framework\cli\commands\MigrateCommand.php(454): MigrateCommand->createMigrationHistoryTable()
#3 C:\denwer\home\olmii.in.ua\www\framework\cli\commands\MigrateCommand.php(482): MigrateCommand->getMigrationHistory(-1)
#4 C:\denwer\home\olmii.in.ua\www\framework\cli\commands\MigrateCommand.php(84): MigrateCommand->getNewMigrations()
#5 [internal function]: MigrateCommand->actionUp(Array)
#6 C:\denwer\home\olmii.in.ua\www\framework\console\CConsoleCommand.php(172): ReflectionMethod->invokeArgs(Object(MigrateCommand), Array)
#7 C:\denwer\home\olmii.in.ua\www\framework\console\CConsoleCommandRunner.php(71): CConsoleCommand->run(Array)
#8 C:\denwer\home\olmii.in.ua\www\framework\console\CConsoleApplication.php(92): CConsoleCommandRunner->run(Array)
#9 C:\denwer\home\olmii.in.ua\www\framework\base\CApplication.php(180): CConsoleApplication->processRequest()
#10 C:\denwer\home\olmii.in.ua\www\framework\yiic.php(33): CApplication->run()
#11 C:\denwer\home\olmii.in.ua\www\protected\yiic.php(7): require_once('C:\denwer\home\...')
#12 {main}
---
2014/04/08 16:02:32 [error] [system.db.CDbCommand] CDbCommand::fetchAll() failed: SQLSTATE[42S02]: Base table or view not found: 1146 Table 'olmi.tbl_migration' doesn't exist. The SQL statement executed was: SHOW FULL COLUMNS FROM `tbl_migration`.
